Command line invocation:
    /Applications/Xcode-26.0.1.app/Contents/Developer/usr/bin/xcodebuild build -scheme BabyDashboard -destination "platform=iOS Simulator,name=iPhone 17 Pro Max"

Resolve Package Graph


Resolved source packages:
  swift-custom-dump: https://github.com/pointfreeco/swift-custom-dump @ 1.3.3
  swift-syntax: https://github.com/swiftlang/swift-syntax @ 602.0.0
  xctest-dynamic-overlay: https://github.com/pointfreeco/xctest-dynamic-overlay @ 1.7.0
  swift-snapshot-testing: https://github.com/pointfreeco/swift-snapshot-testing @ 1.18.7

ComputePackagePrebuildTargetDependencyGraph

Prepare packages

CreateBuildRequest

SendProjectDescription

CreateBuildOperation

ComputeTargetDependencyGraph
note: Building targets in dependency order
note: Target dependency graph (3 targets)
    Target 'BabyDashboard' in project 'BabyDashboard'
        ➜ Explicit dependency on target 'Model' in project 'BabyDashboard'
        ➜ Explicit dependency on target 'DashboardWidgetExtension' in project 'BabyDashboard'
    Target 'DashboardWidgetExtension' in project 'BabyDashboard'
        ➜ Explicit dependency on target 'Model' in project 'BabyDashboard'
    Target 'Model' in project 'BabyDashboard' (no dependencies)

GatherProvisioningInputs

CreateBuildDescription

ExecuteExternalTool /Applications/Xcode-26.0.1.app/Contents/Developer/Toolchains/XcodeDefault.xctoolchain/usr/bin/clang -v -E -dM -isysroot /Applications/Xcode-26.0.1.app/Contents/Developer/Platforms/iPhoneSimulator.platform/Developer/SDKs/iPhoneSimulator26.0.sdk -x c -c /dev/null

ExecuteExternalTool /Applications/Xcode-26.0.1.app/Contents/Developer/usr/bin/actool --version --output-format xml1

ExecuteExternalTool /Applications/Xcode-26.0.1.app/Contents/Developer/Toolchains/XcodeDefault.xctoolchain/usr/bin/clang -v -E -dM -arch arm64 -isysroot /Applications/Xcode-26.0.1.app/Contents/Developer/Platforms/iPhoneSimulator.platform/Developer/SDKs/iPhoneSimulator26.0.sdk -x c -c /dev/null

ExecuteExternalTool /Applications/Xcode-26.0.1.app/Contents/Developer/usr/bin/actool --print-asset-tag-combinations --output-format xml1 /Users/sungdoo/BabyMonitor/ios/FullScreenClock/BabyDashboard/Assets.xcassets

ExecuteExternalTool /Applications/Xcode-26.0.1.app/Contents/Developer/Toolchains/XcodeDefault.xctoolchain/usr/bin/swiftc --version

ExecuteExternalTool /Applications/Xcode-26.0.1.app/Contents/Developer/usr/bin/xcstringstool compile --dry-run --output-directory /Users/sungdoo/Library/Developer/Xcode/DerivedData/BabyDashboard-cfznnbtqqgjasncydsmucavrdfyz/Build/Intermediates.noindex/BabyDashboard.build/Debug-iphonesimulator/BabyDashboard.build /Users/sungdoo/BabyMonitor/ios/FullScreenClock/BabyDashboard/Localizable.xcstrings

ExecuteExternalTool /Applications/Xcode-26.0.1.app/Contents/Developer/Toolchains/XcodeDefault.xctoolchain/usr/bin/ld -version_details

ExecuteExternalTool /Applications/Xcode-26.0.1.app/Contents/Developer/usr/bin/momc --dry-run --action generate --swift-version 5.0 --sdkroot /Applications/Xcode-26.0.1.app/Contents/Developer/Platforms/iPhoneSimulator.platform/Developer/SDKs/iPhoneSimulator26.0.sdk --iphonesimulator-deployment-target 18.5 --module Model /Users/sungdoo/BabyMonitor/ios/FullScreenClock/Model/Model.xcdatamodeld /Users/sungdoo/Library/Developer/Xcode/DerivedData/BabyDashboard-cfznnbtqqgjasncydsmucavrdfyz/Build/Intermediates.noindex/BabyDashboard.build/Debug-iphonesimulator/Model.build/DerivedSources/CoreDataGenerated/Model

Build description signature: 0d48b3dd88f29de573ecb79fc1cf04f8
Build description path: /Users/sungdoo/Library/Developer/Xcode/DerivedData/BabyDashboard-cfznnbtqqgjasncydsmucavrdfyz/Build/Intermediates.noindex/XCBuildData/0d48b3dd88f29de573ecb79fc1cf04f8.xcbuilddata
ClangStatCache /Applications/Xcode-26.0.1.app/Contents/Developer/Toolchains/XcodeDefault.xctoolchain/usr/bin/clang-stat-cache /Applications/Xcode-26.0.1.app/Contents/Developer/Platforms/iPhoneSimulator.platform/Developer/SDKs/iPhoneSimulator26.0.sdk /Users/sungdoo/Library/Developer/Xcode/DerivedData/SDKStatCaches.noindex/iphonesimulator26.0-23A339-35d311a043587c0750ebf9f4c84a738f.sdkstatcache
    cd /Users/sungdoo/BabyMonitor/ios/FullScreenClock/BabyDashboard.xcodeproj
    /Applications/Xcode-26.0.1.app/Contents/Developer/Toolchains/XcodeDefault.xctoolchain/usr/bin/clang-stat-cache /Applications/Xcode-26.0.1.app/Contents/Developer/Platforms/iPhoneSimulator.platform/Developer/SDKs/iPhoneSimulator26.0.sdk -o /Users/sungdoo/Library/Developer/Xcode/DerivedData/SDKStatCaches.noindex/iphonesimulator26.0-23A339-35d311a043587c0750ebf9f4c84a738f.sdkstatcache

Ld /Users/sungdoo/Library/Developer/Xcode/DerivedData/BabyDashboard-cfznnbtqqgjasncydsmucavrdfyz/Build/Products/Debug-iphonesimulator/Model.framework/Model normal (in target 'Model' from project 'BabyDashboard')
    cd /Users/sungdoo/BabyMonitor/ios/FullScreenClock
    /Applications/Xcode-26.0.1.app/Contents/Developer/Toolchains/XcodeDefault.xctoolchain/usr/bin/clang -Xlinker -reproducible -target arm64-apple-ios18.5-simulator -dynamiclib -isysroot /Applications/Xcode-26.0.1.app/Contents/Developer/Platforms/iPhoneSimulator.platform/Developer/SDKs/iPhoneSimulator26.0.sdk -O0 -L/Users/sungdoo/Library/Developer/Xcode/DerivedData/BabyDashboard-cfznnbtqqgjasncydsmucavrdfyz/Build/Intermediates.noindex/EagerLinkingTBDs/Debug-iphonesimulator -L/Users/sungdoo/Library/Developer/Xcode/DerivedData/BabyDashboard-cfznnbtqqgjasncydsmucavrdfyz/Build/Products/Debug-iphonesimulator -F/Users/sungdoo/Library/Developer/Xcode/DerivedData/BabyDashboard-cfznnbtqqgjasncydsmucavrdfyz/Build/Intermediates.noindex/EagerLinkingTBDs/Debug-iphonesimulator -F/Users/sungdoo/Library/Developer/Xcode/DerivedData/BabyDashboard-cfznnbtqqgjasncydsmucavrdfyz/Build/Products/Debug-iphonesimulator -filelist /Users/sungdoo/Library/Developer/Xcode/DerivedData/BabyDashboard-cfznnbtqqgjasncydsmucavrdfyz/Build/Intermediates.noindex/BabyDashboard.build/Debug-iphonesimulator/Model.build/Objects-normal/arm64/Model.LinkFileList -install_name @rpath/Model.framework/Model -Xlinker -rpath -Xlinker /usr/lib/swift -Xlinker -rpath -Xlinker @executable_path/Frameworks -Xlinker -rpath -Xlinker @loader_path/Frameworks -dead_strip -Xlinker -object_path_lto -Xlinker /Users/sungdoo/Library/Developer/Xcode/DerivedData/BabyDashboard-cfznnbtqqgjasncydsmucavrdfyz/Build/Intermediates.noindex/BabyDashboard.build/Debug-iphonesimulator/Model.build/Objects-normal/arm64/Model_lto.o -rdynamic -Xlinker -no_deduplicate -Xlinker -objc_abi_version -Xlinker 2 -Xlinker -debug_variant -Xlinker -dependency_info -Xlinker /Users/sungdoo/Library/Developer/Xcode/DerivedData/BabyDashboard-cfznnbtqqgjasncydsmucavrdfyz/Build/Intermediates.noindex/BabyDashboard.build/Debug-iphonesimulator/Model.build/Objects-normal/arm64/Model_dependency_info.dat -fprofile-instr-generate -fobjc-link-runtime -L/Applications/Xcode-26.0.1.app/Contents/Developer/Toolchains/XcodeDefault.xctoolchain/usr/lib/swift/iphonesimulator -L/usr/lib/swift -Xlinker -add_ast_path -Xlinker /Users/sungdoo/Library/Developer/Xcode/DerivedData/BabyDashboard-cfznnbtqqgjasncydsmucavrdfyz/Build/Intermediates.noindex/BabyDashboard.build/Debug-iphonesimulator/Model.build/Objects-normal/arm64/Model.swiftmodule @/Users/sungdoo/Library/Developer/Xcode/DerivedData/BabyDashboard-cfznnbtqqgjasncydsmucavrdfyz/Build/Intermediates.noindex/BabyDashboard.build/Debug-iphonesimulator/Model.build/Objects-normal/arm64/Model-linker-args.resp -Xlinker -no_adhoc_codesign -compatibility_version 1 -current_version 1 -o /Users/sungdoo/Library/Developer/Xcode/DerivedData/BabyDashboard-cfznnbtqqgjasncydsmucavrdfyz/Build/Products/Debug-iphonesimulator/Model.framework/Model

WriteAuxiliaryFile /Users/sungdoo/Library/Developer/Xcode/DerivedData/BabyDashboard-cfznnbtqqgjasncydsmucavrdfyz/Build/Intermediates.noindex/BabyDashboard.build/Debug-iphonesimulator/BabyDashboard.build/Objects-normal/arm64/BabyDashboard.SwiftFileList (in target 'BabyDashboard' from project 'BabyDashboard')
    cd /Users/sungdoo/BabyMonitor/ios/FullScreenClock
    write-file /Users/sungdoo/Library/Developer/Xcode/DerivedData/BabyDashboard-cfznnbtqqgjasncydsmucavrdfyz/Build/Intermediates.noindex/BabyDashboard.build/Debug-iphonesimulator/BabyDashboard.build/Objects-normal/arm64/BabyDashboard.SwiftFileList

WriteAuxiliaryFile /Users/sungdoo/Library/Developer/Xcode/DerivedData/BabyDashboard-cfznnbtqqgjasncydsmucavrdfyz/Build/Intermediates.noindex/BabyDashboard.build/Debug-iphonesimulator/BabyDashboard.build/Objects-normal/arm64/BabyDashboard.SwiftConstValuesFileList (in target 'BabyDashboard' from project 'BabyDashboard')
    cd /Users/sungdoo/BabyMonitor/ios/FullScreenClock
    write-file /Users/sungdoo/Library/Developer/Xcode/DerivedData/BabyDashboard-cfznnbtqqgjasncydsmucavrdfyz/Build/Intermediates.noindex/BabyDashboard.build/Debug-iphonesimulator/BabyDashboard.build/Objects-normal/arm64/BabyDashboard.SwiftConstValuesFileList

WriteAuxiliaryFile /Users/sungdoo/Library/Developer/Xcode/DerivedData/BabyDashboard-cfznnbtqqgjasncydsmucavrdfyz/Build/Intermediates.noindex/BabyDashboard.build/Debug-iphonesimulator/BabyDashboard.build/Objects-normal/arm64/BabyDashboard.LinkFileList (in target 'BabyDashboard' from project 'BabyDashboard')
    cd /Users/sungdoo/BabyMonitor/ios/FullScreenClock
    write-file /Users/sungdoo/Library/Developer/Xcode/DerivedData/BabyDashboard-cfznnbtqqgjasncydsmucavrdfyz/Build/Intermediates.noindex/BabyDashboard.build/Debug-iphonesimulator/BabyDashboard.build/Objects-normal/arm64/BabyDashboard.LinkFileList

ProcessInfoPlistFile /Users/sungdoo/Library/Developer/Xcode/DerivedData/BabyDashboard-cfznnbtqqgjasncydsmucavrdfyz/Build/Products/Debug-iphonesimulator/Model.framework/Info.plist /Users/sungdoo/Library/Developer/Xcode/DerivedData/BabyDashboard-cfznnbtqqgjasncydsmucavrdfyz/Build/Intermediates.noindex/BabyDashboard.build/Debug-iphonesimulator/Model.build/empty-Model.plist (in target 'Model' from project 'BabyDashboard')
    cd /Users/sungdoo/BabyMonitor/ios/FullScreenClock
    builtin-infoPlistUtility /Users/sungdoo/Library/Developer/Xcode/DerivedData/BabyDashboard-cfznnbtqqgjasncydsmucavrdfyz/Build/Intermediates.noindex/BabyDashboard.build/Debug-iphonesimulator/Model.build/empty-Model.plist -producttype com.apple.product-type.framework -expandbuildsettings -format binary -platform iphonesimulator -o /Users/sungdoo/Library/Developer/Xcode/DerivedData/BabyDashboard-cfznnbtqqgjasncydsmucavrdfyz/Build/Products/Debug-iphonesimulator/Model.framework/Info.plist

ProcessProductPackaging /Users/sungdoo/BabyMonitor/ios/FullScreenClock/DashboardWidgetExtension.entitlements /Users/sungdoo/Library/Developer/Xcode/DerivedData/BabyDashboard-cfznnbtqqgjasncydsmucavrdfyz/Build/Intermediates.noindex/BabyDashboard.build/Debug-iphonesimulator/DashboardWidgetExtension.build/DashboardWidgetExtension.appex-Simulated.xcent (in target 'DashboardWidgetExtension' from project 'BabyDashboard')
    cd /Users/sungdoo/BabyMonitor/ios/FullScreenClock
    
    Entitlements:
    
    {
    "application-identifier" = "7KT5X239S9.com.sungdoo.babyDashboard2.dev.widget";
    "aps-environment" = development;
    "com.apple.developer.aps-environment" = development;
    "com.apple.developer.icloud-container-identifiers" =     (
        "iCloud.sungdoo.babyDashboard.dev"
    );
    "com.apple.developer.icloud-services" =     (
        CloudKit
    );
    "com.apple.security.application-groups" =     (
        "group.sungdoo.babyDashboard.dev"
    );
}
    
    builtin-productPackagingUtility /Users/sungdoo/BabyMonitor/ios/FullScreenClock/DashboardWidgetExtension.entitlements -entitlements -format xml -o /Users/sungdoo/Library/Developer/Xcode/DerivedData/BabyDashboard-cfznnbtqqgjasncydsmucavrdfyz/Build/Intermediates.noindex/BabyDashboard.build/Debug-iphonesimulator/DashboardWidgetExtension.build/DashboardWidgetExtension.appex-Simulated.xcent

ProcessProductPackaging /Users/sungdoo/BabyMonitor/ios/FullScreenClock/DashboardWidgetExtension.entitlements /Users/sungdoo/Library/Developer/Xcode/DerivedData/BabyDashboard-cfznnbtqqgjasncydsmucavrdfyz/Build/Intermediates.noindex/BabyDashboard.build/Debug-iphonesimulator/DashboardWidgetExtension.build/DashboardWidgetExtension.appex.xcent (in target 'DashboardWidgetExtension' from project 'BabyDashboard')
    cd /Users/sungdoo/BabyMonitor/ios/FullScreenClock
    
    Entitlements:
    
    {
}
    
    builtin-productPackagingUtility /Users/sungdoo/BabyMonitor/ios/FullScreenClock/DashboardWidgetExtension.entitlements -entitlements -format xml -o /Users/sungdoo/Library/Developer/Xcode/DerivedData/BabyDashboard-cfznnbtqqgjasncydsmucavrdfyz/Build/Intermediates.noindex/BabyDashboard.build/Debug-iphonesimulator/DashboardWidgetExtension.build/DashboardWidgetExtension.appex.xcent

ProcessProductPackagingDER /Users/sungdoo/Library/Developer/Xcode/DerivedData/BabyDashboard-cfznnbtqqgjasncydsmucavrdfyz/Build/Intermediates.noindex/BabyDashboard.build/Debug-iphonesimulator/DashboardWidgetExtension.build/DashboardWidgetExtension.appex.xcent /Users/sungdoo/Library/Developer/Xcode/DerivedData/BabyDashboard-cfznnbtqqgjasncydsmucavrdfyz/Build/Intermediates.noindex/BabyDashboard.build/Debug-iphonesimulator/DashboardWidgetExtension.build/DashboardWidgetExtension.appex.xcent.der (in target 'DashboardWidgetExtension' from project 'BabyDashboard')
    cd /Users/sungdoo/BabyMonitor/ios/FullScreenClock
    /usr/bin/derq query -f xml -i /Users/sungdoo/Library/Developer/Xcode/DerivedData/BabyDashboard-cfznnbtqqgjasncydsmucavrdfyz/Build/Intermediates.noindex/BabyDashboard.build/Debug-iphonesimulator/DashboardWidgetExtension.build/DashboardWidgetExtension.appex.xcent -o /Users/sungdoo/Library/Developer/Xcode/DerivedData/BabyDashboard-cfznnbtqqgjasncydsmucavrdfyz/Build/Intermediates.noindex/BabyDashboard.build/Debug-iphonesimulator/DashboardWidgetExtension.build/DashboardWidgetExtension.appex.xcent.der --raw

ProcessProductPackagingDER /Users/sungdoo/Library/Developer/Xcode/DerivedData/BabyDashboard-cfznnbtqqgjasncydsmucavrdfyz/Build/Intermediates.noindex/BabyDashboard.build/Debug-iphonesimulator/DashboardWidgetExtension.build/DashboardWidgetExtension.appex-Simulated.xcent /Users/sungdoo/Library/Developer/Xcode/DerivedData/BabyDashboard-cfznnbtqqgjasncydsmucavrdfyz/Build/Intermediates.noindex/BabyDashboard.build/Debug-iphonesimulator/DashboardWidgetExtension.build/DashboardWidgetExtension.appex-Simulated.xcent.der (in target 'DashboardWidgetExtension' from project 'BabyDashboard')
    cd /Users/sungdoo/BabyMonitor/ios/FullScreenClock
    /usr/bin/derq query -f xml -i /Users/sungdoo/Library/Developer/Xcode/DerivedData/BabyDashboard-cfznnbtqqgjasncydsmucavrdfyz/Build/Intermediates.noindex/BabyDashboard.build/Debug-iphonesimulator/DashboardWidgetExtension.build/DashboardWidgetExtension.appex-Simulated.xcent -o /Users/sungdoo/Library/Developer/Xcode/DerivedData/BabyDashboard-cfznnbtqqgjasncydsmucavrdfyz/Build/Intermediates.noindex/BabyDashboard.build/Debug-iphonesimulator/DashboardWidgetExtension.build/DashboardWidgetExtension.appex-Simulated.xcent.der --raw

CompileAssetCatalogVariant thinned /Users/sungdoo/Library/Developer/Xcode/DerivedData/BabyDashboard-cfznnbtqqgjasncydsmucavrdfyz/Build/Products/Debug-iphonesimulator/DashboardWidgetExtension.appex /Users/sungdoo/BabyMonitor/ios/FullScreenClock/DashboardWidget/Assets.xcassets (in target 'DashboardWidgetExtension' from project 'BabyDashboard')
    cd /Users/sungdoo/BabyMonitor/ios/FullScreenClock
    /Applications/Xcode-26.0.1.app/Contents/Developer/usr/bin/actool /Users/sungdoo/BabyMonitor/ios/FullScreenClock/DashboardWidget/Assets.xcassets --compile /Users/sungdoo/Library/Developer/Xcode/DerivedData/BabyDashboard-cfznnbtqqgjasncydsmucavrdfyz/Build/Intermediates.noindex/BabyDashboard.build/Debug-iphonesimulator/DashboardWidgetExtension.build/assetcatalog_output/thinned --output-format human-readable-text --notices --warnings --export-dependency-info /Users/sungdoo/Library/Developer/Xcode/DerivedData/BabyDashboard-cfznnbtqqgjasncydsmucavrdfyz/Build/Intermediates.noindex/BabyDashboard.build/Debug-iphonesimulator/DashboardWidgetExtension.build/assetcatalog_dependencies_thinned --output-partial-info-plist /Users/sungdoo/Library/Developer/Xcode/DerivedData/BabyDashboard-cfznnbtqqgjasncydsmucavrdfyz/Build/Intermediates.noindex/BabyDashboard.build/Debug-iphonesimulator/DashboardWidgetExtension.build/assetcatalog_generated_info.plist_thinned --accent-color AccentColor --widget-background-color WidgetBackground --compress-pngs --enable-on-demand-resources NO --standalone-icon-behavior all --filter-for-thinning-device-configuration iPhone18,2 --filter-for-device-os-version 26.0.1 --development-region en --target-device iphone --target-device ipad --minimum-deployment-target 18.5 --platform iphonesimulator
/* com.apple.actool.compilation-results */
/Users/sungdoo/Library/Developer/Xcode/DerivedData/BabyDashboard-cfznnbtqqgjasncydsmucavrdfyz/Build/Intermediates.noindex/BabyDashboard.build/Debug-iphonesimulator/DashboardWidgetExtension.build/assetcatalog_generated_info.plist_thinned


ProcessProductPackaging /Users/sungdoo/BabyMonitor/ios/FullScreenClock/BabyDashboard/BabyDashboard.entitlements /Users/sungdoo/Library/Developer/Xcode/DerivedData/BabyDashboard-cfznnbtqqgjasncydsmucavrdfyz/Build/Intermediates.noindex/BabyDashboard.build/Debug-iphonesimulator/BabyDashboard.build/BabyDashboard.app.xcent (in target 'BabyDashboard' from project 'BabyDashboard')
    cd /Users/sungdoo/BabyMonitor/ios/FullScreenClock
    
    Entitlements:
    
    {
}
    
    builtin-productPackagingUtility /Users/sungdoo/BabyMonitor/ios/FullScreenClock/BabyDashboard/BabyDashboard.entitlements -entitlements -format xml -o /Users/sungdoo/Library/Developer/Xcode/DerivedData/BabyDashboard-cfznnbtqqgjasncydsmucavrdfyz/Build/Intermediates.noindex/BabyDashboard.build/Debug-iphonesimulator/BabyDashboard.build/BabyDashboard.app.xcent

ProcessProductPackaging /Users/sungdoo/BabyMonitor/ios/FullScreenClock/BabyDashboard/BabyDashboard.entitlements /Users/sungdoo/Library/Developer/Xcode/DerivedData/BabyDashboard-cfznnbtqqgjasncydsmucavrdfyz/Build/Intermediates.noindex/BabyDashboard.build/Debug-iphonesimulator/BabyDashboard.build/BabyDashboard.app-Simulated.xcent (in target 'BabyDashboard' from project 'BabyDashboard')
    cd /Users/sungdoo/BabyMonitor/ios/FullScreenClock
    
    Entitlements:
    
    {
    "application-identifier" = "7KT5X239S9.com.sungdoo.babyDashboard2.dev";
    "aps-environment" = development;
    "com.apple.developer.icloud-container-identifiers" =     (
        "iCloud.sungdoo.babyDashboard.dev"
    );
    "com.apple.developer.icloud-services" =     (
        CloudKit
    );
    "com.apple.developer.siri" = 1;
    "com.apple.developer.ubiquity-kvstore-identifier" = "7KT5X239S9.com.sungdoo.babyDashboard2.dev";
    "com.apple.security.application-groups" =     (
        "group.sungdoo.babyDashboard.dev"
    );
}
    
    builtin-productPackagingUtility /Users/sungdoo/BabyMonitor/ios/FullScreenClock/BabyDashboard/BabyDashboard.entitlements -entitlements -format xml -o /Users/sungdoo/Library/Developer/Xcode/DerivedData/BabyDashboard-cfznnbtqqgjasncydsmucavrdfyz/Build/Intermediates.noindex/BabyDashboard.build/Debug-iphonesimulator/BabyDashboard.build/BabyDashboard.app-Simulated.xcent

ProcessProductPackagingDER /Users/sungdoo/Library/Developer/Xcode/DerivedData/BabyDashboard-cfznnbtqqgjasncydsmucavrdfyz/Build/Intermediates.noindex/BabyDashboard.build/Debug-iphonesimulator/BabyDashboard.build/BabyDashboard.app.xcent /Users/sungdoo/Library/Developer/Xcode/DerivedData/BabyDashboard-cfznnbtqqgjasncydsmucavrdfyz/Build/Intermediates.noindex/BabyDashboard.build/Debug-iphonesimulator/BabyDashboard.build/BabyDashboard.app.xcent.der (in target 'BabyDashboard' from project 'BabyDashboard')
    cd /Users/sungdoo/BabyMonitor/ios/FullScreenClock
    /usr/bin/derq query -f xml -i /Users/sungdoo/Library/Developer/Xcode/DerivedData/BabyDashboard-cfznnbtqqgjasncydsmucavrdfyz/Build/Intermediates.noindex/BabyDashboard.build/Debug-iphonesimulator/BabyDashboard.build/BabyDashboard.app.xcent -o /Users/sungdoo/Library/Developer/Xcode/DerivedData/BabyDashboard-cfznnbtqqgjasncydsmucavrdfyz/Build/Intermediates.noindex/BabyDashboard.build/Debug-iphonesimulator/BabyDashboard.build/BabyDashboard.app.xcent.der --raw

ProcessProductPackagingDER /Users/sungdoo/Library/Developer/Xcode/DerivedData/BabyDashboard-cfznnbtqqgjasncydsmucavrdfyz/Build/Intermediates.noindex/BabyDashboard.build/Debug-iphonesimulator/BabyDashboard.build/BabyDashboard.app-Simulated.xcent /Users/sungdoo/Library/Developer/Xcode/DerivedData/BabyDashboard-cfznnbtqqgjasncydsmucavrdfyz/Build/Intermediates.noindex/BabyDashboard.build/Debug-iphonesimulator/BabyDashboard.build/BabyDashboard.app-Simulated.xcent.der (in target 'BabyDashboard' from project 'BabyDashboard')
    cd /Users/sungdoo/BabyMonitor/ios/FullScreenClock
    /usr/bin/derq query -f xml -i /Users/sungdoo/Library/Developer/Xcode/DerivedData/BabyDashboard-cfznnbtqqgjasncydsmucavrdfyz/Build/Intermediates.noindex/BabyDashboard.build/Debug-iphonesimulator/BabyDashboard.build/BabyDashboard.app-Simulated.xcent -o /Users/sungdoo/Library/Developer/Xcode/DerivedData/BabyDashboard-cfznnbtqqgjasncydsmucavrdfyz/Build/Intermediates.noindex/BabyDashboard.build/Debug-iphonesimulator/BabyDashboard.build/BabyDashboard.app-Simulated.xcent.der --raw

SwiftDriver BabyDashboard normal arm64 com.apple.xcode.tools.swift.compiler (in target 'BabyDashboard' from project 'BabyDashboard')
    cd /Users/sungdoo/BabyMonitor/ios/FullScreenClock
    builtin-SwiftDriver -- /Applications/Xcode-26.0.1.app/Contents/Developer/Toolchains/XcodeDefault.xctoolchain/usr/bin/swiftc -module-name BabyDashboard -Onone -enforce-exclusivity\=checked @/Users/sungdoo/Library/Developer/Xcode/DerivedData/BabyDashboard-cfznnbtqqgjasncydsmucavrdfyz/Build/Intermediates.noindex/BabyDashboard.build/Debug-iphonesimulator/BabyDashboard.build/Objects-normal/arm64/BabyDashboard.SwiftFileList -DDEBUG -enable-bare-slash-regex -enable-experimental-feature DebugDescriptionMacro -sdk /Applications/Xcode-26.0.1.app/Contents/Developer/Platforms/iPhoneSimulator.platform/Developer/SDKs/iPhoneSimulator26.0.sdk -target arm64-apple-ios18.5-simulator -g -module-cache-path /Users/sungdoo/Library/Developer/Xcode/DerivedData/ModuleCache.noindex -Xfrontend -serialize-debugging-options -profile-coverage-mapping -profile-generate -enable-testing -index-store-path /Users/sungdoo/Library/Developer/Xcode/DerivedData/BabyDashboard-cfznnbtqqgjasncydsmucavrdfyz/Index.noindex/DataStore -Xcc -D_LIBCPP_HARDENING_MODE\=_LIBCPP_HARDENING_MODE_DEBUG -swift-version 5 -I /Users/sungdoo/Library/Developer/Xcode/DerivedData/BabyDashboard-cfznnbtqqgjasncydsmucavrdfyz/Build/Products/Debug-iphonesimulator -F /Users/sungdoo/Library/Developer/Xcode/DerivedData/BabyDashboard-cfznnbtqqgjasncydsmucavrdfyz/Build/Products/Debug-iphonesimulator -emit-localized-strings -emit-localized-strings-path /Users/sungdoo/Library/Developer/Xcode/DerivedData/BabyDashboard-cfznnbtqqgjasncydsmucavrdfyz/Build/Intermediates.noindex/BabyDashboard.build/Debug-iphonesimulator/BabyDashboard.build/Objects-normal/arm64 -c -j10 -enable-batch-mode -incremental -Xcc -ivfsstatcache -Xcc /Users/sungdoo/Library/Developer/Xcode/DerivedData/SDKStatCaches.noindex/iphonesimulator26.0-23A339-35d311a043587c0750ebf9f4c84a738f.sdkstatcache -output-file-map /Users/sungdoo/Library/Developer/Xcode/DerivedData/BabyDashboard-cfznnbtqqgjasncydsmucavrdfyz/Build/Intermediates.noindex/BabyDashboard.build/Debug-iphonesimulator/BabyDashboard.build/Objects-normal/arm64/BabyDashboard-OutputFileMap.json -use-frontend-parseable-output -save-temps -no-color-diagnostics -explicit-module-build -module-cache-path /Users/sungdoo/Library/Developer/Xcode/DerivedData/BabyDashboard-cfznnbtqqgjasncydsmucavrdfyz/Build/Intermediates.noindex/SwiftExplicitPrecompiledModules -clang-scanner-module-cache-path /Users/sungdoo/Library/Developer/Xcode/DerivedData/ModuleCache.noindex -sdk-module-cache-path /Users/sungdoo/Library/Developer/Xcode/DerivedData/ModuleCache.noindex -serialize-diagnostics -emit-dependencies -emit-module -emit-module-path /Users/sungdoo/Library/Developer/Xcode/DerivedData/BabyDashboard-cfznnbtqqgjasncydsmucavrdfyz/Build/Intermediates.noindex/BabyDashboard.build/Debug-iphonesimulator/BabyDashboard.build/Objects-normal/arm64/BabyDashboard.swiftmodule -validate-clang-modules-once -clang-build-session-file /Users/sungdoo/Library/Developer/Xcode/DerivedData/ModuleCache.noindex/Session.modulevalidation -Xcc -I/Users/sungdoo/Library/Developer/Xcode/DerivedData/BabyDashboard-cfznnbtqqgjasncydsmucavrdfyz/Build/Intermediates.noindex/BabyDashboard.build/Debug-iphonesimulator/BabyDashboard.build/swift-overrides.hmap -emit-const-values -Xfrontend -const-gather-protocols-file -Xfrontend /Users/sungdoo/Library/Developer/Xcode/DerivedData/BabyDashboard-cfznnbtqqgjasncydsmucavrdfyz/Build/Intermediates.noindex/BabyDashboard.build/Debug-iphonesimulator/BabyDashboard.build/Objects-normal/arm64/BabyDashboard_const_extract_protocols.json -Xcc -iquote -Xcc /Users/sungdoo/Library/Developer/Xcode/DerivedData/BabyDashboard-cfznnbtqqgjasncydsmucavrdfyz/Build/Intermediates.noindex/BabyDashboard.build/Debug-iphonesimulator/BabyDashboard.build/BabyDashboard-generated-files.hmap -Xcc -I/Users/sungdoo/Library/Developer/Xcode/DerivedData/BabyDashboard-cfznnbtqqgjasncydsmucavrdfyz/Build/Intermediates.noindex/BabyDashboard.build/Debug-iphonesimulator/BabyDashboard.build/BabyDashboard-own-target-headers.hmap -Xcc -I/Users/sungdoo/Library/Developer/Xcode/DerivedData/BabyDashboard-cfznnbtqqgjasncydsmucavrdfyz/Build/Intermediates.noindex/BabyDashboard.build/Debug-iphonesimulator/BabyDashboard.build/BabyDashboard-all-target-headers.hmap -Xcc -iquote -Xcc /Users/sungdoo/Library/Developer/Xcode/DerivedData/BabyDashboard-cfznnbtqqgjasncydsmucavrdfyz/Build/Intermediates.noindex/BabyDashboard.build/Debug-iphonesimulator/BabyDashboard.build/BabyDashboard-project-headers.hmap -Xcc -I/Users/sungdoo/Library/Developer/Xcode/DerivedData/BabyDashboard-cfznnbtqqgjasncydsmucavrdfyz/Build/Products/Debug-iphonesimulator/include -Xcc -I/Users/sungdoo/Library/Developer/Xcode/DerivedData/BabyDashboard-cfznnbtqqgjasncydsmucavrdfyz/Build/Intermediates.noindex/BabyDashboard.build/Debug-iphonesimulator/BabyDashboard.build/DerivedSources-normal/arm64 -Xcc -I/Users/sungdoo/Library/Developer/Xcode/DerivedData/BabyDashboard-cfznnbtqqgjasncydsmucavrdfyz/Build/Intermediates.noindex/BabyDashboard.build/Debug-iphonesimulator/BabyDashboard.build/DerivedSources/arm64 -Xcc -I/Users/sungdoo/Library/Developer/Xcode/DerivedData/BabyDashboard-cfznnbtqqgjasncydsmucavrdfyz/Build/Intermediates.noindex/BabyDashboard.build/Debug-iphonesimulator/BabyDashboard.build/DerivedSources -Xcc -DDEBUG\=1 -emit-objc-header -emit-objc-header-path /Users/sungdoo/Library/Developer/Xcode/DerivedData/BabyDashboard-cfznnbtqqgjasncydsmucavrdfyz/Build/Intermediates.noindex/BabyDashboard.build/Debug-iphonesimulator/BabyDashboard.build/Objects-normal/arm64/BabyDashboard-Swift.h -working-directory /Users/sungdoo/BabyMonitor/ios/FullScreenClock -experimental-emit-module-separately -disable-cmo

CompileAssetCatalogVariant thinned /Users/sungdoo/Library/Developer/Xcode/DerivedData/BabyDashboard-cfznnbtqqgjasncydsmucavrdfyz/Build/Products/Debug-iphonesimulator/BabyDashboard.app /Users/sungdoo/BabyMonitor/ios/FullScreenClock/BabyDashboard/Assets.xcassets (in target 'BabyDashboard' from project 'BabyDashboard')
    cd /Users/sungdoo/BabyMonitor/ios/FullScreenClock
    /Applications/Xcode-26.0.1.app/Contents/Developer/usr/bin/actool /Users/sungdoo/BabyMonitor/ios/FullScreenClock/BabyDashboard/Assets.xcassets --compile /Users/sungdoo/Library/Developer/Xcode/DerivedData/BabyDashboard-cfznnbtqqgjasncydsmucavrdfyz/Build/Intermediates.noindex/BabyDashboard.build/Debug-iphonesimulator/BabyDashboard.build/assetcatalog_output/thinned --output-format human-readable-text --notices --warnings --export-dependency-info /Users/sungdoo/Library/Developer/Xcode/DerivedData/BabyDashboard-cfznnbtqqgjasncydsmucavrdfyz/Build/Intermediates.noindex/BabyDashboard.build/Debug-iphonesimulator/BabyDashboard.build/assetcatalog_dependencies_thinned --output-partial-info-plist /Users/sungdoo/Library/Developer/Xcode/DerivedData/BabyDashboard-cfznnbtqqgjasncydsmucavrdfyz/Build/Intermediates.noindex/BabyDashboard.build/Debug-iphonesimulator/BabyDashboard.build/assetcatalog_generated_info.plist_thinned --app-icon AppIconDebug --accent-color AccentColor --compress-pngs --enable-on-demand-resources YES --filter-for-thinning-device-configuration iPhone18,2 --filter-for-device-os-version 26.0.1 --development-region en --target-device iphone --target-device ipad --minimum-deployment-target 18.5 --platform iphonesimulator

ExtractAppIntentsMetadata (in target 'Model' from project 'BabyDashboard')
    cd /Users/sungdoo/BabyMonitor/ios/FullScreenClock
    /Applications/Xcode-26.0.1.app/Contents/Developer/Toolchains/XcodeDefault.xctoolchain/usr/bin/appintentsmetadataprocessor --toolchain-dir /Applications/Xcode-26.0.1.app/Contents/Developer/Toolchains/XcodeDefault.xctoolchain --module-name Model --sdk-root /Applications/Xcode-26.0.1.app/Contents/Developer/Platforms/iPhoneSimulator.platform/Developer/SDKs/iPhoneSimulator26.0.sdk --xcode-version 17A400 --platform-family iOS --deployment-target 18.5 --bundle-identifier com.sungdoo.babyDashboard2.Model --output /Users/sungdoo/Library/Developer/Xcode/DerivedData/BabyDashboard-cfznnbtqqgjasncydsmucavrdfyz/Build/Products/Debug-iphonesimulator/Model.framework --target-triple arm64-apple-ios18.5-simulator --binary-file /Users/sungdoo/Library/Developer/Xcode/DerivedData/BabyDashboard-cfznnbtqqgjasncydsmucavrdfyz/Build/Products/Debug-iphonesimulator/Model.framework/Model --dependency-file /Users/sungdoo/Library/Developer/Xcode/DerivedData/BabyDashboard-cfznnbtqqgjasncydsmucavrdfyz/Build/Intermediates.noindex/BabyDashboard.build/Debug-iphonesimulator/Model.build/Objects-normal/arm64/Model_dependency_info.dat --stringsdata-file /Users/sungdoo/Library/Developer/Xcode/DerivedData/BabyDashboard-cfznnbtqqgjasncydsmucavrdfyz/Build/Intermediates.noindex/BabyDashboard.build/Debug-iphonesimulator/Model.build/Objects-normal/arm64/ExtractedAppShortcutsMetadata.stringsdata --source-file-list /Users/sungdoo/Library/Developer/Xcode/DerivedData/BabyDashboard-cfznnbtqqgjasncydsmucavrdfyz/Build/Intermediates.noindex/BabyDashboard.build/Debug-iphonesimulator/Model.build/Objects-normal/arm64/Model.SwiftFileList --metadata-file-list /Users/sungdoo/Library/Developer/Xcode/DerivedData/BabyDashboard-cfznnbtqqgjasncydsmucavrdfyz/Build/Intermediates.noindex/BabyDashboard.build/Debug-iphonesimulator/Model.build/Model.DependencyMetadataFileList --static-metadata-file-list /Users/sungdoo/Library/Developer/Xcode/DerivedData/BabyDashboard-cfznnbtqqgjasncydsmucavrdfyz/Build/Intermediates.noindex/BabyDashboard.build/Debug-iphonesimulator/Model.build/Model.DependencyStaticMetadataFileList --swift-const-vals-list /Users/sungdoo/Library/Developer/Xcode/DerivedData/BabyDashboard-cfznnbtqqgjasncydsmucavrdfyz/Build/Intermediates.noindex/BabyDashboard.build/Debug-iphonesimulator/Model.build/Objects-normal/arm64/Model.SwiftConstValuesFileList --compile-time-extraction --deployment-aware-processing --validate-assistant-intents --no-app-shortcuts-localization
2025-12-04 13:21:45.492 appintentsmetadataprocessor[21523:4500831] Starting appintentsmetadataprocessor export
2025-12-04 13:21:45.495 appintentsmetadataprocessor[21523:4500831] warning: Metadata extraction skipped. No AppIntents.framework dependency found.

GenerateTAPI /Users/sungdoo/Library/Developer/Xcode/DerivedData/BabyDashboard-cfznnbtqqgjasncydsmucavrdfyz/Build/Intermediates.noindex/EagerLinkingTBDs/Debug-iphonesimulator/Model.framework/Model.tbd (in target 'Model' from project 'BabyDashboard')
    cd /Users/sungdoo/BabyMonitor/ios/FullScreenClock
    /Applications/Xcode-26.0.1.app/Contents/Developer/Toolchains/XcodeDefault.xctoolchain/usr/bin/tapi stubify -isysroot /Applications/Xcode-26.0.1.app/Contents/Developer/Platforms/iPhoneSimulator.platform/Developer/SDKs/iPhoneSimulator26.0.sdk -F/Users/sungdoo/Library/Developer/Xcode/DerivedData/BabyDashboard-cfznnbtqqgjasncydsmucavrdfyz/Build/Products/Debug-iphonesimulator -L/Users/sungdoo/Library/Developer/Xcode/DerivedData/BabyDashboard-cfznnbtqqgjasncydsmucavrdfyz/Build/Products/Debug-iphonesimulator /Users/sungdoo/Library/Developer/Xcode/DerivedData/BabyDashboard-cfznnbtqqgjasncydsmucavrdfyz/Build/Products/Debug-iphonesimulator/Model.framework/Model -o /Users/sungdoo/Library/Developer/Xcode/DerivedData/BabyDashboard-cfznnbtqqgjasncydsmucavrdfyz/Build/Intermediates.noindex/EagerLinkingTBDs/Debug-iphonesimulator/Model.framework/Model.tbd

CodeSign /Users/sungdoo/Library/Developer/Xcode/DerivedData/BabyDashboard-cfznnbtqqgjasncydsmucavrdfyz/Build/Products/Debug-iphonesimulator/Model.framework (in target 'Model' from project 'BabyDashboard')
    cd /Users/sungdoo/BabyMonitor/ios/FullScreenClock
    
    Signing Identity:     "Sign to Run Locally"
    
    /usr/bin/codesign --force --sign - --timestamp\=none --generate-entitlement-der /Users/sungdoo/Library/Developer/Xcode/DerivedData/BabyDashboard-cfznnbtqqgjasncydsmucavrdfyz/Build/Products/Debug-iphonesimulator/Model.framework

Ld /Users/sungdoo/Library/Developer/Xcode/DerivedData/BabyDashboard-cfznnbtqqgjasncydsmucavrdfyz/Build/Products/Debug-iphonesimulator/DashboardWidgetExtension.appex/__preview.dylib normal (in target 'DashboardWidgetExtension' from project 'BabyDashboard')
    cd /Users/sungdoo/BabyMonitor/ios/FullScreenClock
    /Applications/Xcode-26.0.1.app/Contents/Developer/Toolchains/XcodeDefault.xctoolchain/usr/bin/clang -Xlinker -reproducible -target arm64-apple-ios18.5-simulator -dynamiclib -isysroot /Applications/Xcode-26.0.1.app/Contents/Developer/Platforms/iPhoneSimulator.platform/Developer/SDKs/iPhoneSimulator26.0.sdk -O0 -L/Users/sungdoo/Library/Developer/Xcode/DerivedData/BabyDashboard-cfznnbtqqgjasncydsmucavrdfyz/Build/Products/Debug-iphonesimulator -F/Users/sungdoo/Library/Developer/Xcode/DerivedData/BabyDashboard-cfznnbtqqgjasncydsmucavrdfyz/Build/Products/Debug-iphonesimulator -install_name @rpath/DashboardWidgetExtension.debug.dylib -dead_strip -rdynamic -Xlinker -no_deduplicate -Xlinker -objc_abi_version -Xlinker 2 -Xlinker -debug_variant -Xlinker -dependency_info -Xlinker /Users/sungdoo/Library/Developer/Xcode/DerivedData/BabyDashboard-cfznnbtqqgjasncydsmucavrdfyz/Build/Intermediates.noindex/BabyDashboard.build/Debug-iphonesimulator/DashboardWidgetExtension.build/Objects-normal/arm64/DashboardWidgetExtension_dependency_info.dat -Xlinker -sectcreate -Xlinker __TEXT -Xlinker __entitlements -Xlinker /Users/sungdoo/Library/Developer/Xcode/DerivedData/BabyDashboard-cfznnbtqqgjasncydsmucavrdfyz/Build/Intermediates.noindex/BabyDashboard.build/Debug-iphonesimulator/DashboardWidgetExtension.build/DashboardWidgetExtension.appex-Simulated.xcent -Xlinker -sectcreate -Xlinker __TEXT -Xlinker __ents_der -Xlinker /Users/sungdoo/Library/Developer/Xcode/DerivedData/BabyDashboard-cfznnbtqqgjasncydsmucavrdfyz/Build/Intermediates.noindex/BabyDashboard.build/Debug-iphonesimulator/DashboardWidgetExtension.build/DashboardWidgetExtension.appex-Simulated.xcent.der -Xlinker -no_adhoc_codesign -o /Users/sungdoo/Library/Developer/Xcode/DerivedData/BabyDashboard-cfznnbtqqgjasncydsmucavrdfyz/Build/Products/Debug-iphonesimulator/DashboardWidgetExtension.appex/__preview.dylib

Ld /Users/sungdoo/Library/Developer/Xcode/DerivedData/BabyDashboard-cfznnbtqqgjasncydsmucavrdfyz/Build/Products/Debug-iphonesimulator/DashboardWidgetExtension.appex/DashboardWidgetExtension.debug.dylib normal (in target 'DashboardWidgetExtension' from project 'BabyDashboard')
    cd /Users/sungdoo/BabyMonitor/ios/FullScreenClock
    /Applications/Xcode-26.0.1.app/Contents/Developer/Toolchains/XcodeDefault.xctoolchain/usr/bin/clang -Xlinker -reproducible -target arm64-apple-ios18.5-simulator -dynamiclib -isysroot /Applications/Xcode-26.0.1.app/Contents/Developer/Platforms/iPhoneSimulator.platform/Developer/SDKs/iPhoneSimulator26.0.sdk -O0 -L/Users/sungdoo/Library/Developer/Xcode/DerivedData/BabyDashboard-cfznnbtqqgjasncydsmucavrdfyz/Build/Intermediates.noindex/EagerLinkingTBDs/Debug-iphonesimulator -L/Users/sungdoo/Library/Developer/Xcode/DerivedData/BabyDashboard-cfznnbtqqgjasncydsmucavrdfyz/Build/Products/Debug-iphonesimulator -F/Users/sungdoo/Library/Developer/Xcode/DerivedData/BabyDashboard-cfznnbtqqgjasncydsmucavrdfyz/Build/Intermediates.noindex/EagerLinkingTBDs/Debug-iphonesimulator -F/Users/sungdoo/Library/Developer/Xcode/DerivedData/BabyDashboard-cfznnbtqqgjasncydsmucavrdfyz/Build/Products/Debug-iphonesimulator -filelist /Users/sungdoo/Library/Developer/Xcode/DerivedData/BabyDashboard-cfznnbtqqgjasncydsmucavrdfyz/Build/Intermediates.noindex/BabyDashboard.build/Debug-iphonesimulator/DashboardWidgetExtension.build/Objects-normal/arm64/DashboardWidgetExtension.LinkFileList -install_name @rpath/DashboardWidgetExtension.debug.dylib -Xlinker -rpath -Xlinker /usr/lib/swift -Xlinker -rpath -Xlinker @executable_path/Frameworks -Xlinker -rpath -Xlinker @executable_path/../../Frameworks -dead_strip -Xlinker -object_path_lto -Xlinker /Users/sungdoo/Library/Developer/Xcode/DerivedData/BabyDashboard-cfznnbtqqgjasncydsmucavrdfyz/Build/Intermediates.noindex/BabyDashboard.build/Debug-iphonesimulator/DashboardWidgetExtension.build/Objects-normal/arm64/DashboardWidgetExtension_lto.o -rdynamic -Xlinker -no_deduplicate -Xlinker -objc_abi_version -Xlinker 2 -Xlinker -debug_variant -Xlinker -dependency_info -Xlinker /Users/sungdoo/Library/Developer/Xcode/DerivedData/BabyDashboard-cfznnbtqqgjasncydsmucavrdfyz/Build/Intermediates.noindex/BabyDashboard.build/Debug-iphonesimulator/DashboardWidgetExtension.build/Objects-normal/arm64/DashboardWidgetExtension_dependency_info.dat -fapplication-extension -fobjc-link-runtime -fprofile-instr-generate -L/Applications/Xcode-26.0.1.app/Contents/Developer/Toolchains/XcodeDefault.xctoolchain/usr/lib/swift/iphonesimulator -L/usr/lib/swift -Xlinker -add_ast_path -Xlinker /Users/sungdoo/Library/Developer/Xcode/DerivedData/BabyDashboard-cfznnbtqqgjasncydsmucavrdfyz/Build/Intermediates.noindex/BabyDashboard.build/Debug-iphonesimulator/DashboardWidgetExtension.build/Objects-normal/arm64/DashboardWidgetExtension.swiftmodule @/Users/sungdoo/Library/Developer/Xcode/DerivedData/BabyDashboard-cfznnbtqqgjasncydsmucavrdfyz/Build/Intermediates.noindex/BabyDashboard.build/Debug-iphonesimulator/DashboardWidgetExtension.build/Objects-normal/arm64/DashboardWidgetExtension-linker-args.resp -Xlinker -alias -Xlinker _NSExtensionMain -Xlinker ___debug_main_executable_dylib_entry_point -framework SwiftUI -framework Model -framework WidgetKit -Xlinker -no_adhoc_codesign -o /Users/sungdoo/Library/Developer/Xcode/DerivedData/BabyDashboard-cfznnbtqqgjasncydsmucavrdfyz/Build/Products/Debug-iphonesimulator/DashboardWidgetExtension.appex/DashboardWidgetExtension.debug.dylib

ProcessInfoPlistFile /Users/sungdoo/Library/Developer/Xcode/DerivedData/BabyDashboard-cfznnbtqqgjasncydsmucavrdfyz/Build/Products/Debug-iphonesimulator/DashboardWidgetExtension.appex/Info.plist /Users/sungdoo/BabyMonitor/ios/FullScreenClock/DashboardWidget/Info.plist (in target 'DashboardWidgetExtension' from project 'BabyDashboard')
    cd /Users/sungdoo/BabyMonitor/ios/FullScreenClock
    builtin-infoPlistUtility /Users/sungdoo/BabyMonitor/ios/FullScreenClock/DashboardWidget/Info.plist -producttype com.apple.product-type.app-extension -expandbuildsettings -format binary -platform iphonesimulator -additionalcontentfile /Users/sungdoo/Library/Developer/Xcode/DerivedData/BabyDashboard-cfznnbtqqgjasncydsmucavrdfyz/Build/Intermediates.noindex/BabyDashboard.build/Debug-iphonesimulator/DashboardWidgetExtension.build/assetcatalog_generated_info.plist -o /Users/sungdoo/Library/Developer/Xcode/DerivedData/BabyDashboard-cfznnbtqqgjasncydsmucavrdfyz/Build/Products/Debug-iphonesimulator/DashboardWidgetExtension.appex/Info.plist

ConstructStubExecutorLinkFileList /Users/sungdoo/Library/Developer/Xcode/DerivedData/BabyDashboard-cfznnbtqqgjasncydsmucavrdfyz/Build/Intermediates.noindex/BabyDashboard.build/Debug-iphonesimulator/DashboardWidgetExtension.build/DashboardWidgetExtension-ExecutorLinkFileList-normal-arm64.txt (in target 'DashboardWidgetExtension' from project 'BabyDashboard')
    cd /Users/sungdoo/BabyMonitor/ios/FullScreenClock
    construct-stub-executor-link-file-list /Users/sungdoo/Library/Developer/Xcode/DerivedData/BabyDashboard-cfznnbtqqgjasncydsmucavrdfyz/Build/Products/Debug-iphonesimulator/DashboardWidgetExtension.appex/DashboardWidgetExtension.debug.dylib /Applications/Xcode-26.0.1.app/Contents/Developer/Platforms/iPhoneSimulator.platform/Developer/usr/lib/libPreviewsJITStubExecutor_no_swift_entry_point.a /Applications/Xcode-26.0.1.app/Contents/Developer/Platforms/iPhoneSimulator.platform/Developer/usr/lib/libPreviewsJITStubExecutor.a --output /Users/sungdoo/Library/Developer/Xcode/DerivedData/BabyDashboard-cfznnbtqqgjasncydsmucavrdfyz/Build/Intermediates.noindex/BabyDashboard.build/Debug-iphonesimulator/DashboardWidgetExtension.build/DashboardWidgetExtension-ExecutorLinkFileList-normal-arm64.txt
note: Using stub executor library with Swift entry point. (in target 'DashboardWidgetExtension' from project 'BabyDashboard')

Ld /Users/sungdoo/Library/Developer/Xcode/DerivedData/BabyDashboard-cfznnbtqqgjasncydsmucavrdfyz/Build/Products/Debug-iphonesimulator/DashboardWidgetExtension.appex/DashboardWidgetExtension normal (in target 'DashboardWidgetExtension' from project 'BabyDashboard')
    cd /Users/sungdoo/BabyMonitor/ios/FullScreenClock
    /Applications/Xcode-26.0.1.app/Contents/Developer/Toolchains/XcodeDefault.xctoolchain/usr/bin/clang -Xlinker -reproducible -target arm64-apple-ios18.5-simulator -isysroot /Applications/Xcode-26.0.1.app/Contents/Developer/Platforms/iPhoneSimulator.platform/Developer/SDKs/iPhoneSimulator26.0.sdk -O0 -L/Users/sungdoo/Library/Developer/Xcode/DerivedData/BabyDashboard-cfznnbtqqgjasncydsmucavrdfyz/Build/Products/Debug-iphonesimulator -F/Users/sungdoo/Library/Developer/Xcode/DerivedData/BabyDashboard-cfznnbtqqgjasncydsmucavrdfyz/Build/Products/Debug-iphonesimulator -Xlinker -rpath -Xlinker @executable_path -Xlinker -rpath -Xlinker @executable_path/Frameworks -Xlinker -rpath -Xlinker @executable_path/../../Frameworks -rdynamic -Xlinker -no_deduplicate -Xlinker -objc_abi_version -Xlinker 2 -Xlinker -debug_variant -e ___debug_blank_executor_main -Xlinker -sectcreate -Xlinker __TEXT -Xlinker __debug_dylib -Xlinker /Users/sungdoo/Library/Developer/Xcode/DerivedData/BabyDashboard-cfznnbtqqgjasncydsmucavrdfyz/Build/Intermediates.noindex/BabyDashboard.build/Debug-iphonesimulator/DashboardWidgetExtension.build/DashboardWidgetExtension-DebugDylibPath-normal-arm64.txt -Xlinker -sectcreate -Xlinker __TEXT -Xlinker __debug_entry -Xlinker /Users/sungdoo/Library/Developer/Xcode/DerivedData/BabyDashboard-cfznnbtqqgjasncydsmucavrdfyz/Build/Intermediates.noindex/BabyDashboard.build/Debug-iphonesimulator/DashboardWidgetExtension.build/DashboardWidgetExtension-DebugEntryPoint-normal-arm64.txt -Xlinker -sectcreate -Xlinker __TEXT -Xlinker __debug_instlnm -Xlinker /Users/sungdoo/Library/Developer/Xcode/DerivedData/BabyDashboard-cfznnbtqqgjasncydsmucavrdfyz/Build/Intermediates.noindex/BabyDashboard.build/Debug-iphonesimulator/DashboardWidgetExtension.build/DashboardWidgetExtension-DebugDylibInstallName-normal-arm64.txt -Xlinker -filelist -Xlinker /Users/sungdoo/Library/Developer/Xcode/DerivedData/BabyDashboard-cfznnbtqqgjasncydsmucavrdfyz/Build/Intermediates.noindex/BabyDashboard.build/Debug-iphonesimulator/DashboardWidgetExtension.build/DashboardWidgetExtension-ExecutorLinkFileList-normal-arm64.txt -Xlinker -sectcreate -Xlinker __TEXT -Xlinker __entitlements -Xlinker /Users/sungdoo/Library/Developer/Xcode/DerivedData/BabyDashboard-cfznnbtqqgjasncydsmucavrdfyz/Build/Intermediates.noindex/BabyDashboard.build/Debug-iphonesimulator/DashboardWidgetExtension.build/DashboardWidgetExtension.appex-Simulated.xcent -Xlinker -sectcreate -Xlinker __TEXT -Xlinker __ents_der -Xlinker /Users/sungdoo/Library/Developer/Xcode/DerivedData/BabyDashboard-cfznnbtqqgjasncydsmucavrdfyz/Build/Intermediates.noindex/BabyDashboard.build/Debug-iphonesimulator/DashboardWidgetExtension.build/DashboardWidgetExtension.appex-Simulated.xcent.der /Users/sungdoo/Library/Developer/Xcode/DerivedData/BabyDashboard-cfznnbtqqgjasncydsmucavrdfyz/Build/Products/Debug-iphonesimulator/DashboardWidgetExtension.appex/DashboardWidgetExtension.debug.dylib -Xlinker -no_adhoc_codesign -o /Users/sungdoo/Library/Developer/Xcode/DerivedData/BabyDashboard-cfznnbtqqgjasncydsmucavrdfyz/Build/Products/Debug-iphonesimulator/DashboardWidgetExtension.appex/DashboardWidgetExtension

ExtractAppIntentsMetadata (in target 'DashboardWidgetExtension' from project 'BabyDashboard')
    cd /Users/sungdoo/BabyMonitor/ios/FullScreenClock
    /Applications/Xcode-26.0.1.app/Contents/Developer/Toolchains/XcodeDefault.xctoolchain/usr/bin/appintentsmetadataprocessor --toolchain-dir /Applications/Xcode-26.0.1.app/Contents/Developer/Toolchains/XcodeDefault.xctoolchain --module-name DashboardWidgetExtension --sdk-root /Applications/Xcode-26.0.1.app/Contents/Developer/Platforms/iPhoneSimulator.platform/Developer/SDKs/iPhoneSimulator26.0.sdk --xcode-version 17A400 --platform-family iOS --deployment-target 18.5 --bundle-identifier com.sungdoo.babyDashboard2.dev.widget --output /Users/sungdoo/Library/Developer/Xcode/DerivedData/BabyDashboard-cfznnbtqqgjasncydsmucavrdfyz/Build/Products/Debug-iphonesimulator/DashboardWidgetExtension.appex --target-triple arm64-apple-ios18.5-simulator --binary-file /Users/sungdoo/Library/Developer/Xcode/DerivedData/BabyDashboard-cfznnbtqqgjasncydsmucavrdfyz/Build/Products/Debug-iphonesimulator/DashboardWidgetExtension.appex/DashboardWidgetExtension --dependency-file /Users/sungdoo/Library/Developer/Xcode/DerivedData/BabyDashboard-cfznnbtqqgjasncydsmucavrdfyz/Build/Intermediates.noindex/BabyDashboard.build/Debug-iphonesimulator/DashboardWidgetExtension.build/Objects-normal/arm64/DashboardWidgetExtension_dependency_info.dat --stringsdata-file /Users/sungdoo/Library/Developer/Xcode/DerivedData/BabyDashboard-cfznnbtqqgjasncydsmucavrdfyz/Build/Intermediates.noindex/BabyDashboard.build/Debug-iphonesimulator/DashboardWidgetExtension.build/Objects-normal/arm64/ExtractedAppShortcutsMetadata.stringsdata --source-file-list /Users/sungdoo/Library/Developer/Xcode/DerivedData/BabyDashboard-cfznnbtqqgjasncydsmucavrdfyz/Build/Intermediates.noindex/BabyDashboard.build/Debug-iphonesimulator/DashboardWidgetExtension.build/Objects-normal/arm64/DashboardWidgetExtension.SwiftFileList --metadata-file-list /Users/sungdoo/Library/Developer/Xcode/DerivedData/BabyDashboard-cfznnbtqqgjasncydsmucavrdfyz/Build/Intermediates.noindex/BabyDashboard.build/Debug-iphonesimulator/DashboardWidgetExtension.build/DashboardWidgetExtension.DependencyMetadataFileList --static-metadata-file-list /Users/sungdoo/Library/Developer/Xcode/DerivedData/BabyDashboard-cfznnbtqqgjasncydsmucavrdfyz/Build/Intermediates.noindex/BabyDashboard.build/Debug-iphonesimulator/DashboardWidgetExtension.build/DashboardWidgetExtension.DependencyStaticMetadataFileList --swift-const-vals-list /Users/sungdoo/Library/Developer/Xcode/DerivedData/BabyDashboard-cfznnbtqqgjasncydsmucavrdfyz/Build/Intermediates.noindex/BabyDashboard.build/Debug-iphonesimulator/DashboardWidgetExtension.build/Objects-normal/arm64/DashboardWidgetExtension.SwiftConstValuesFileList --compile-time-extraction --deployment-aware-processing --validate-assistant-intents --no-app-shortcuts-localization
2025-12-04 13:21:45.922 appintentsmetadataprocessor[21533:4500886] Starting appintentsmetadataprocessor export
2025-12-04 13:21:46.063 appintentsmetadataprocessor[21533:4500886] Writing Metadata.appintents
2025-12-04 13:21:46.063 appintentsmetadataprocessor[21533:4500886] Metadata root: /Users/sungdoo/Library/Developer/Xcode/DerivedData/BabyDashboard-cfznnbtqqgjasncydsmucavrdfyz/Build/Products/Debug-iphonesimulator/DashboardWidgetExtension.appex/Metadata.appintents

SwiftEmitModule normal arm64 Emitting\ module\ for\ BabyDashboard (in target 'BabyDashboard' from project 'BabyDashboard')
EmitSwiftModule normal arm64 (in target 'BabyDashboard' from project 'BabyDashboard')
    cd /Users/sungdoo/BabyMonitor/ios/FullScreenClock
    

SwiftCompile normal arm64 Compiling\ CorrelationAnalysisViewModel.swift /Users/sungdoo/BabyMonitor/ios/FullScreenClock/BabyDashboard/History/Analysis/CorrelationAnalysisViewModel.swift (in target 'BabyDashboard' from project 'BabyDashboard')
Failed frontend command:
/Applications/Xcode-26.0.1.app/Contents/Developer/Toolchains/XcodeDefault.xctoolchain/usr/bin/swift-frontend -frontend -c /Users/sungdoo/BabyMonitor/ios/FullScreenClock/BabyDashboard/Extensions/StringEmojiExtension.swift /Users/sungdoo/BabyMonitor/ios/FullScreenClock/BabyDashboard/ForceUpdate/ForceUpdateManager.swift /Users/sungdoo/BabyMonitor/ios/FullScreenClock/BabyDashboard/ForceUpdate/ForceUpdateView.swift /Users/sungdoo/BabyMonitor/ios/FullScreenClock/BabyDashboard/History/Analysis/CorrelationAnalysisView.swift -primary-file /Users/sungdoo/BabyMonitor/ios/FullScreenClock/BabyDashboard/History/Analysis/CorrelationAnalysisViewModel.swift /Users/sungdoo/BabyMonitor/ios/FullScreenClock/BabyDashboard/History/Analysis/CorrelationAnalyzer.swift /Users/sungdoo/BabyMonitor/ios/FullScreenClock/BabyDashboard/History/Analysis/HistoryAnalysisAggregation.swift /Users/sungdoo/BabyMonitor/ios/FullScreenClock/BabyDashboard/History/Analysis/HistoryAnalysisView.swift /Users/sungdoo/BabyMonitor/ios/FullScreenClock/BabyDashboard/History/Analysis/StatisticsUtils.swift /Users/sungdoo/BabyMonitor/ios/FullScreenClock/BabyDashboard/History/Components/HashtagTextView.swift /Users/sungdoo/BabyMonitor/ios/FullScreenClock/BabyDashboard/History/Components/HistoryEditView.swift /Users/sungdoo/BabyMonitor/ios/FullScreenClock/BabyDashboard/History/Components/HistoryRowView.swift /Users/sungdoo/BabyMonitor/ios/FullScreenClock/BabyDashboard/History/CustomEventTypeManagementView.swift /Users/sungdoo/BabyMonitor/ios/FullScreenClock/BabyDashboard/History/HistoryAggregation.swift /Users/sungdoo/BabyMonitor/ios/FullScreenClock/BabyDashboard/History/HistoryView.swift /Users/sungdoo/BabyMonitor/ios/FullScreenClock/BabyDashboard/MainView/Components/BabyStatusView.swift /Users/sungdoo/BabyMonitor/ios/FullScreenClock/BabyDashboard/MainView/Components/ClockView.swift /Users/sungdoo/BabyMonitor/ios/FullScreenClock/BabyDashboard/MainView/Components/StatusCard.swift /Users/sungdoo/BabyMonitor/ios/FullScreenClock/BabyDashboard/MainView/MainView.swift /Users/sungdoo/BabyMonitor/ios/FullScreenClock/BabyDashboard/MainView/MainViewModel.swift /Users/sungdoo/BabyMonitor/ios/FullScreenClock/BabyDashboard/MainView/WarningLogic.swift /Users/sungdoo/BabyMonitor/ios/FullScreenClock/BabyDashboard/Profile/BabyShareSheet.swift /Users/sungdoo/BabyMonitor/ios/FullScreenClock/BabyDashboard/Profile/ProfileView.swift /Users/sungdoo/BabyMonitor/ios/FullScreenClock/BabyDashboard/Profile/ProfileViewModel.swift /Users/sungdoo/BabyMonitor/ios/FullScreenClock/BabyDashboard/Settings/AppGroupDefaults.swift /Users/sungdoo/BabyMonitor/ios/FullScreenClock/BabyDashboard/Settings/AppSettings.swift /Users/sungdoo/BabyMonitor/ios/FullScreenClock/BabyDashboard/Settings/SettingsView.swift /Users/sungdoo/BabyMonitor/ios/FullScreenClock/BabyDashboard/SystemFeatures/AppIntents.swift /Users/sungdoo/BabyMonitor/ios/FullScreenClock/Model/AppEntity.swift /Users/sungdoo/BabyMonitor/ios/FullScreenClock/BabyDashboard/SystemFeatures/CloudShareAcceptanceHandler.swift /Users/sungdoo/BabyMonitor/ios/FullScreenClock/BabyDashboard/SystemFeatures/NearbySyncManager.swift /Users/sungdoo/BabyMonitor/ios/FullScreenClock/BabyDashboard/SystemFeatures/ReviewRequestManager.swift /Users/sungdoo/BabyMonitor/ios/FullScreenClock/BabyDashboard/SystemFeatures/ShareController.swift /Users/sungdoo/BabyMonitor/ios/FullScreenClock/BabyDashboard/SystemFeatures/SharingSceneDelegate.swift /Users/sungdoo/BabyMonitor/ios/FullScreenClock/BabyDashboard/SystemFeatures/WidgetSnapshotRefresher.swift /Users/sungdoo/BabyMonitor/ios/FullScreenClock/BabyDashboard/AppDelegate.swift /Users/sungdoo/BabyMonitor/ios/FullScreenClock/BabyDashboard/BabyDashboardApp.swift /Users/sungdoo/BabyMonitor/ios/FullScreenClock/BabyDashboard/Extensions.swift /Users/sungdoo/Library/Developer/Xcode/DerivedData/BabyDashboard-cfznnbtqqgjasncydsmucavrdfyz/Build/Intermediates.noindex/BabyDashboard.build/Debug-iphonesimulator/BabyDashboard.build/DerivedSources/GeneratedAssetSymbols.swift /Users/sungdoo/Library/Developer/Xcode/DerivedData/BabyDashboard-cfznnbtqqgjasncydsmucavrdfyz/Build/Intermediates.noindex/BabyDashboard.build/Debug-iphonesimulator/BabyDashboard.build/DerivedSources/GeneratedStringSymbols_Localizable.swift -emit-dependencies-path /Users/sungdoo/Library/Developer/Xcode/DerivedData/BabyDashboard-cfznnbtqqgjasncydsmucavrdfyz/Build/Intermediates.noindex/BabyDashboard.build/Debug-iphonesimulator/BabyDashboard.build/Objects-normal/arm64/CorrelationAnalysisViewModel.d -emit-const-values-path /Users/sungdoo/Library/Developer/Xcode/DerivedData/BabyDashboard-cfznnbtqqgjasncydsmucavrdfyz/Build/Intermediates.noindex/BabyDashboard.build/Debug-iphonesimulator/BabyDashboard.build/Objects-normal/arm64/CorrelationAnalysisViewModel.swiftconstvalues -emit-reference-dependencies-path /Users/sungdoo/Library/Developer/Xcode/DerivedData/BabyDashboard-cfznnbtqqgjasncydsmucavrdfyz/Build/Intermediates.noindex/BabyDashboard.build/Debug-iphonesimulator/BabyDashboard.build/Objects-normal/arm64/CorrelationAnalysisViewModel.swiftdeps -serialize-diagnostics-path /Users/sungdoo/Library/Developer/Xcode/DerivedData/BabyDashboard-cfznnbtqqgjasncydsmucavrdfyz/Build/Intermediates.noindex/BabyDashboard.build/Debug-iphonesimulator/BabyDashboard.build/Objects-normal/arm64/CorrelationAnalysisViewModel.dia -emit-localized-strings -emit-localized-strings-path /Users/sungdoo/Library/Developer/Xcode/DerivedData/BabyDashboard-cfznnbtqqgjasncydsmucavrdfyz/Build/Intermediates.noindex/BabyDashboard.build/Debug-iphonesimulator/BabyDashboard.build/Objects-normal/arm64 -target arm64-apple-ios18.5-simulator -module-can-import-version DeveloperToolsSupport 23.0.4 23.0.4 -module-can-import-version SwiftUI 7.0.84.1 7.0.84 -module-can-import-version UIKit 9088.1.113 9088.1.113 -disable-cross-import-overlay-search -swift-module-cross-import AppIntents /Applications/Xcode-26.0.1.app/Contents/Developer/Platforms/iPhoneSimulator.platform/Developer/SDKs/iPhoneSimulator.sdk/System/Library/Frameworks/AppIntents.framework/Modules/AppIntents.swiftcrossimport/SwiftUI.swiftoverlay -swift-module-cross-import AppIntents /Applications/Xcode-26.0.1.app/Contents/Developer/Platforms/iPhoneSimulator.platform/Developer/SDKs/iPhoneSimulator.sdk/System/Library/Frameworks/AppIntents.framework/Modules/AppIntents.swiftcrossimport/UIKit.swiftoverlay -swift-module-cross-import AppIntents /Applications/Xcode-26.0.1.app/Contents/Developer/Platforms/iPhoneSimulator.platform/Developer/SDKs/iPhoneSimulator26.0.sdk/System/Library/Frameworks/AppIntents.framework/Modules/AppIntents.swiftcrossimport/SwiftUI.swiftoverlay -swift-module-cross-import AppIntents /Applications/Xcode-26.0.1.app/Contents/Developer/Platforms/iPhoneSimulator.platform/Developer/SDKs/iPhoneSimulator26.0.sdk/System/Library/Frameworks/AppIntents.framework/Modules/AppIntents.swiftcrossimport/UIKit.swiftoverlay -swift-module-cross-import CoreData /Applications/Xcode-26.0.1.app/Contents/Developer/Platforms/iPhoneSimulator.platform/Developer/SDKs/iPhoneSimulator.sdk/System/Library/Frameworks/CoreData.framework/Modules/CoreData.swiftcrossimport/CloudKit.swiftoverlay -swift-module-cross-import CoreData /Applications/Xcode-26.0.1.app/Contents/Developer/Platforms/iPhoneSimulator.platform/Developer/SDKs/iPhoneSimulator26.0.sdk/System/Library/Frameworks/CoreData.framework/Modules/CoreData.swiftcrossimport/CloudKit.swiftoverlay -swift-module-cross-import RelevanceKit /Applications/Xcode-26.0.1.app/Contents/Developer/Platforms/iPhoneSimulator.platform/Developer/SDKs/iPhoneSimulator.sdk/System/Library/Frameworks/RelevanceKit.framework/Modules/RelevanceKit.swiftcrossimport/MapKit.swiftoverlay -swift-module-cross-import RelevanceKit /Applications/Xcode-26.0.1.app/Contents/Developer/Platforms/iPhoneSimulator.platform/Developer/SDKs/iPhoneSimulator26.0.sdk/System/Library/Frameworks/RelevanceKit.framework/Modules/RelevanceKit.swiftcrossimport/MapKit.swiftoverlay -swift-module-cross-import StoreKit /Applications/Xcode-26.0.1.app/Contents/Developer/Platforms/iPhoneSimulator.platform/Developer/SDKs/iPhoneSimulator.sdk/System/Library/Frameworks/StoreKit.framework/Modules/StoreKit.swiftcrossimport/SwiftUI.swiftoverlay -swift-module-cross-import StoreKit /Applications/Xcode-26.0.1.app/Contents/Developer/Platforms/iPhoneSimulator.platform/Developer/SDKs/iPhoneSimulator26.0.sdk/System/Library/Frameworks/StoreKit.framework/Modules/StoreKit.swiftcrossimport/SwiftUI.swiftoverlay -load-resolved-plugin /Applications/Xcode-26.0.1.app/Contents/Developer/Platforms/iPhoneOS.platform/Developer/usr/lib/swift/host/plugins/libAppIntentsMacros.dylib\#/Applications/Xcode-26.0.1.app/Contents/Developer/Platforms/iPhoneOS.platform/Developer/usr/bin/swift-plugin-server\#AppIntentsMacros -load-resolved-plugin /Applications/Xcode-26.0.1.app/Contents/Developer/Platforms/iPhoneOS.platform/Developer/usr/lib/swift/host/plugins/libFoundationMacros.dylib\#/Applications/Xcode-26.0.1.app/Contents/Developer/Platforms/iPhoneOS.platform/Developer/usr/bin/swift-plugin-server\#FoundationMacros -load-resolved-plugin /Applications/Xcode-26.0.1.app/Contents/Developer/Platforms/iPhoneOS.platform/Developer/usr/lib/swift/host/plugins/libObservationMacros.dylib\#/Applications/Xcode-26.0.1.app/Contents/Developer/Platforms/iPhoneOS.platform/Developer/usr/bin/swift-plugin-server\#ObservationMacros -load-resolved-plugin /Applications/Xcode-26.0.1.app/Contents/Developer/Toolchains/XcodeDefault.xctoolchain/usr/lib/swift/host/plugins/libPlaygroundMacros.dylib\#\#PlaygroundMacros -load-resolved-plugin /Applications/Xcode-26.0.1.app/Contents/Developer/Platforms/iPhoneOS.platform/Developer/usr/lib/swift/host/plugins/libPreviewsMacros.dylib\#/Applications/Xcode-26.0.1.app/Contents/Developer/Platforms/iPhoneOS.platform/Developer/usr/bin/swift-plugin-server\#PreviewsMacros -load-resolved-plugin /Applications/Xcode-26.0.1.app/Contents/Developer/Platforms/iPhoneOS.platform/Developer/usr/lib/swift/host/plugins/libSwiftMacros.dylib\#/Applications/Xcode-26.0.1.app/Contents/Developer/Platforms/iPhoneOS.platform/Developer/usr/bin/swift-plugin-server\#SwiftMacros -load-resolved-plugin /Applications/Xcode-26.0.1.app/Contents/Developer/Platforms/iPhoneOS.platform/Developer/usr/lib/swift/host/plugins/libSwiftUIMacros.dylib\#/Applications/Xcode-26.0.1.app/Contents/Developer/Platforms/iPhoneOS.platform/Developer/usr/bin/swift-plugin-server\#SwiftUIMacros -disable-implicit-swift-modules -Xcc -fno-implicit-modules -Xcc -fno-implicit-module-maps -explicit-swift-module-map-file /Users/sungdoo/Library/Developer/Xcode/DerivedData/BabyDashboard-cfznnbtqqgjasncydsmucavrdfyz/Build/Intermediates.noindex/BabyDashboard.build/Debug-iphonesimulator/BabyDashboard.build/Objects-normal/arm64/BabyDashboard-dependencies-1.json -Xllvm -aarch64-use-tbi -enable-objc-interop -sdk /Applications/Xcode-26.0.1.app/Contents/Developer/Platforms/iPhoneSimulator.platform/Developer/SDKs/iPhoneSimulator26.0.sdk -I /Users/sungdoo/Library/Developer/Xcode/DerivedData/BabyDashboard-cfznnbtqqgjasncydsmucavrdfyz/Build/Products/Debug-iphonesimulator -F /Users/sungdoo/Library/Developer/Xcode/DerivedData/BabyDashboard-cfznnbtqqgjasncydsmucavrdfyz/Build/Products/Debug-iphonesimulator -no-color-diagnostics -Xcc -fno-color-diagnostics -enable-testing -g -debug-info-format\=dwarf -dwarf-version\=5 -module-cache-path /Users/sungdoo/Library/Developer/Xcode/DerivedData/BabyDashboard-cfznnbtqqgjasncydsmucavrdfyz/Build/Intermediates.noindex/SwiftExplicitPrecompiledModules -profile-generate -profile-coverage-mapping -swift-version 5 -enforce-exclusivity\=checked -Onone -D DEBUG -serialize-debugging-options -const-gather-protocols-file /Users/sungdoo/Library/Developer/Xcode/DerivedData/BabyDashboard-cfznnbtqqgjasncydsmucavrdfyz/Build/Intermediates.noindex/BabyDashboard.build/Debug-iphonesimulator/BabyDashboard.build/Objects-normal/arm64/BabyDashboard_const_extract_protocols.json -enable-experimental-feature DebugDescriptionMacro -enable-bare-slash-regex -empty-abi-descriptor -validate-clang-modules-once -clang-build-session-file /Users/sungdoo/Library/Developer/Xcode/DerivedData/ModuleCache.noindex/Session.modulevalidation -Xcc -working-directory -Xcc /Users/sungdoo/BabyMonitor/ios/FullScreenClock -enable-anonymous-context-mangled-names -file-compilation-dir /Users/sungdoo/BabyMonitor/ios/FullScreenClock -Xcc -D_LIBCPP_HARDENING_MODE\=_LIBCPP_HARDENING_MODE_DEBUG -Xcc -ivfsstatcache -Xcc /Users/sungdoo/Library/Developer/Xcode/DerivedData/SDKStatCaches.noindex/iphonesimulator26.0-23A339-35d311a043587c0750ebf9f4c84a738f.sdkstatcache -Xcc -I/Users/sungdoo/Library/Developer/Xcode/DerivedData/BabyDashboard-cfznnbtqqgjasncydsmucavrdfyz/Build/Intermediates.noindex/BabyDashboard.build/Debug-iphonesimulator/BabyDashboard.build/swift-overrides.hmap -Xcc -iquote -Xcc /Users/sungdoo/Library/Developer/Xcode/DerivedData/BabyDashboard-cfznnbtqqgjasncydsmucavrdfyz/Build/Intermediates.noindex/BabyDashboard.build/Debug-iphonesimulator/BabyDashboard.build/BabyDashboard-generated-files.hmap -Xcc -I/Users/sungdoo/Library/Developer/Xcode/DerivedData/BabyDashboard-cfznnbtqqgjasncydsmucavrdfyz/Build/Intermediates.noindex/BabyDashboard.build/Debug-iphonesimulator/BabyDashboard.build/BabyDashboard-own-target-headers.hmap -Xcc -I/Users/sungdoo/Library/Developer/Xcode/DerivedData/BabyDashboard-cfznnbtqqgjasncydsmucavrdfyz/Build/Intermediates.noindex/BabyDashboard.build/Debug-iphonesimulator/BabyDashboard.build/BabyDashboard-all-target-headers.hmap -Xcc -iquote -Xcc /Users/sungdoo/Library/Developer/Xcode/DerivedData/BabyDashboard-cfznnbtqqgjasncydsmucavrdfyz/Build/Intermediates.noindex/BabyDashboard.build/Debug-iphonesimulator/BabyDashboard.build/BabyDashboard-project-headers.hmap -Xcc -I/Users/sungdoo/Library/Developer/Xcode/DerivedData/BabyDashboard-cfznnbtqqgjasncydsmucavrdfyz/Build/Products/Debug-iphonesimulator/include -Xcc -I/Users/sungdoo/Library/Developer/Xcode/DerivedData/BabyDashboard-cfznnbtqqgjasncydsmucavrdfyz/Build/Intermediates.noindex/BabyDashboard.build/Debug-iphonesimulator/BabyDashboard.build/DerivedSources-normal/arm64 -Xcc -I/Users/sungdoo/Library/Developer/Xcode/DerivedData/BabyDashboard-cfznnbtqqgjasncydsmucavrdfyz/Build/Intermediates.noindex/BabyDashboard.build/Debug-iphonesimulator/BabyDashboard.build/DerivedSources/arm64 -Xcc -I/Users/sungdoo/Library/Developer/Xcode/DerivedData/BabyDashboard-cfznnbtqqgjasncydsmucavrdfyz/Build/Intermediates.noindex/BabyDashboard.build/Debug-iphonesimulator/BabyDashboard.build/DerivedSources -Xcc -DDEBUG\=1 -no-auto-bridging-header-chaining -module-name BabyDashboard -frontend-parseable-output -disable-clang-spi -target-sdk-version 26.0 -target-sdk-name iphonesimulator26.0 -clang-target arm64-apple-ios26.0-simulator -in-process-plugin-server-path /Applications/Xcode-26.0.1.app/Contents/Developer/Toolchains/XcodeDefault.xctoolchain/usr/lib/swift/host/libSwiftInProcPluginServer.dylib -o /Users/sungdoo/Library/Developer/Xcode/DerivedData/BabyDashboard-cfznnbtqqgjasncydsmucavrdfyz/Build/Intermediates.noindex/BabyDashboard.build/Debug-iphonesimulator/BabyDashboard.build/Objects-normal/arm64/CorrelationAnalysisViewModel.o -index-unit-output-path /BabyDashboard.build/Debug-iphonesimulator/BabyDashboard.build/Objects-normal/arm64/CorrelationAnalysisViewModel.o -index-store-path /Users/sungdoo/Library/Developer/Xcode/DerivedData/BabyDashboard-cfznnbtqqgjasncydsmucavrdfyz/Index.noindex/DataStore -index-system-modules

SwiftCompile normal arm64 /Users/sungdoo/BabyMonitor/ios/FullScreenClock/BabyDashboard/History/Analysis/CorrelationAnalysisViewModel.swift (in target 'BabyDashboard' from project 'BabyDashboard')
    cd /Users/sungdoo/BabyMonitor/ios/FullScreenClock
    
/Users/sungdoo/BabyMonitor/ios/FullScreenClock/BabyDashboard/History/Analysis/CorrelationAnalysisViewModel.swift:134:20: error: type 'CorrelationAnalysisViewModel.SavedState' does not conform to protocol 'Decodable'
    private struct SavedState: Codable {
                   ^
Swift.Decodable.init:2:1: note: protocol requires initializer 'init(from:)' with type 'Decodable'
init(from decoder: any Decoder) throws}
^
BabyDashboard.CorrelationAnalysisViewModel.SavedState.CodingKeys.targetHashtag:4:6: note: CodingKey case 'targetHashtag' does not match any stored properties
case targetHashtag    }
     ^
/Users/sungdoo/BabyMonitor/ios/FullScreenClock/BabyDashboard/History/Analysis/CorrelationAnalysisViewModel.swift:140:13: error: invalid redeclaration of 'targetHashtag'
        let targetHashtag: String
            ^
/Users/sungdoo/BabyMonitor/ios/FullScreenClock/BabyDashboard/History/Analysis/CorrelationAnalysisViewModel.swift:138:13: note: 'targetHashtag' previously declared here
        let targetHashtag: String
            ^
/Users/sungdoo/BabyMonitor/ios/FullScreenClock/BabyDashboard/History/Analysis/CorrelationAnalysisViewModel.swift:138:13: note: 'targetHashtag' previously declared here
        let targetHashtag: String
            ^
/Users/sungdoo/BabyMonitor/ios/FullScreenClock/BabyDashboard/History/Analysis/CorrelationAnalysisViewModel.swift:134:20: error: type 'CorrelationAnalysisViewModel.SavedState' does not conform to protocol 'Encodable'
    private struct SavedState: Codable {
                   ^
Swift.Encodable.encode:2:6: note: protocol requires function 'encode(to:)' with type 'Encodable'
func encode(to encoder: any Encoder) throws}
     ^
/Users/sungdoo/BabyMonitor/ios/FullScreenClock/BabyDashboard/History/Analysis/CorrelationAnalysisViewModel.swift:140:13: note: cannot automatically synthesize 'Encodable' because 'String' does not conform to 'Encodable'
        let targetHashtag: String
            ^
/Users/sungdoo/BabyMonitor/ios/FullScreenClock/BabyDashboard/History/Analysis/CorrelationAnalysisViewModel.swift:140:13: note: cannot automatically synthesize 'Encodable' because 'String' does not conform to 'Encodable'
        let targetHashtag: String
            ^
/Users/sungdoo/BabyMonitor/ios/FullScreenClock/BabyDashboard/History/Analysis/CorrelationAnalysisViewModel.swift:134:20: error: type 'CorrelationAnalysisViewModel.SavedState' does not conform to protocol 'Decodable'
    private struct SavedState: Codable {
                   ^
Swift.Decodable.init:2:1: note: protocol requires initializer 'init(from:)' with type 'Decodable'
init(from decoder: any Decoder) throws}
^
/Users/sungdoo/BabyMonitor/ios/FullScreenClock/BabyDashboard/History/Analysis/CorrelationAnalysisViewModel.swift:140:13: note: cannot automatically synthesize 'Decodable' because 'String' does not conform to 'Decodable'
        let targetHashtag: String
            ^
/Users/sungdoo/BabyMonitor/ios/FullScreenClock/BabyDashboard/History/Analysis/CorrelationAnalysisViewModel.swift:140:13: note: cannot automatically synthesize 'Decodable' because 'String' does not conform to 'Decodable'
        let targetHashtag: String
            ^

SwiftCompile normal arm64 Compiling\ CorrelationAnalyzer.swift /Users/sungdoo/BabyMonitor/ios/FullScreenClock/BabyDashboard/History/Analysis/CorrelationAnalyzer.swift (in target 'BabyDashboard' from project 'BabyDashboard')
SwiftCompile normal arm64 /Users/sungdoo/BabyMonitor/ios/FullScreenClock/BabyDashboard/History/Analysis/CorrelationAnalyzer.swift (in target 'BabyDashboard' from project 'BabyDashboard')
    cd /Users/sungdoo/BabyMonitor/ios/FullScreenClock
    

CodeSign /Users/sungdoo/Library/Developer/Xcode/DerivedData/BabyDashboard-cfznnbtqqgjasncydsmucavrdfyz/Build/Products/Debug-iphonesimulator/DashboardWidgetExtension.appex/DashboardWidgetExtension.debug.dylib (in target 'DashboardWidgetExtension' from project 'BabyDashboard')
    cd /Users/sungdoo/BabyMonitor/ios/FullScreenClock
    
    Signing Identity:     "Sign to Run Locally"
    
    /usr/bin/codesign --force --sign - --timestamp\=none --generate-entitlement-der /Users/sungdoo/Library/Developer/Xcode/DerivedData/BabyDashboard-cfznnbtqqgjasncydsmucavrdfyz/Build/Products/Debug-iphonesimulator/DashboardWidgetExtension.appex/DashboardWidgetExtension.debug.dylib

CodeSign /Users/sungdoo/Library/Developer/Xcode/DerivedData/BabyDashboard-cfznnbtqqgjasncydsmucavrdfyz/Build/Products/Debug-iphonesimulator/DashboardWidgetExtension.appex/__preview.dylib (in target 'DashboardWidgetExtension' from project 'BabyDashboard')
    cd /Users/sungdoo/BabyMonitor/ios/FullScreenClock
    
    Signing Identity:     "Sign to Run Locally"
    
    /usr/bin/codesign --force --sign - --timestamp\=none --generate-entitlement-der /Users/sungdoo/Library/Developer/Xcode/DerivedData/BabyDashboard-cfznnbtqqgjasncydsmucavrdfyz/Build/Products/Debug-iphonesimulator/DashboardWidgetExtension.appex/__preview.dylib

CodeSign /Users/sungdoo/Library/Developer/Xcode/DerivedData/BabyDashboard-cfznnbtqqgjasncydsmucavrdfyz/Build/Products/Debug-iphonesimulator/DashboardWidgetExtension.appex (in target 'DashboardWidgetExtension' from project 'BabyDashboard')
    cd /Users/sungdoo/BabyMonitor/ios/FullScreenClock
    
    Signing Identity:     "Sign to Run Locally"
    
    /usr/bin/codesign --force --sign - --entitlements /Users/sungdoo/Library/Developer/Xcode/DerivedData/BabyDashboard-cfznnbtqqgjasncydsmucavrdfyz/Build/Intermediates.noindex/BabyDashboard.build/Debug-iphonesimulator/DashboardWidgetExtension.build/DashboardWidgetExtension.appex.xcent --timestamp\=none --generate-entitlement-der /Users/sungdoo/Library/Developer/Xcode/DerivedData/BabyDashboard-cfznnbtqqgjasncydsmucavrdfyz/Build/Products/Debug-iphonesimulator/DashboardWidgetExtension.appex

Ld /Users/sungdoo/Library/Developer/Xcode/DerivedData/BabyDashboard-cfznnbtqqgjasncydsmucavrdfyz/Build/Products/Debug-iphonesimulator/BabyDashboard.app/__preview.dylib normal (in target 'BabyDashboard' from project 'BabyDashboard')
    cd /Users/sungdoo/BabyMonitor/ios/FullScreenClock
    /Applications/Xcode-26.0.1.app/Contents/Developer/Toolchains/XcodeDefault.xctoolchain/usr/bin/clang -Xlinker -reproducible -target arm64-apple-ios18.5-simulator -dynamiclib -isysroot /Applications/Xcode-26.0.1.app/Contents/Developer/Platforms/iPhoneSimulator.platform/Developer/SDKs/iPhoneSimulator26.0.sdk -O0 -L/Users/sungdoo/Library/Developer/Xcode/DerivedData/BabyDashboard-cfznnbtqqgjasncydsmucavrdfyz/Build/Products/Debug-iphonesimulator -F/Users/sungdoo/Library/Developer/Xcode/DerivedData/BabyDashboard-cfznnbtqqgjasncydsmucavrdfyz/Build/Products/Debug-iphonesimulator -install_name @rpath/BabyDashboard.debug.dylib -dead_strip -rdynamic -Xlinker -no_deduplicate -Xlinker -objc_abi_version -Xlinker 2 -Xlinker -debug_variant -Xlinker -dependency_info -Xlinker /Users/sungdoo/Library/Developer/Xcode/DerivedData/BabyDashboard-cfznnbtqqgjasncydsmucavrdfyz/Build/Intermediates.noindex/BabyDashboard.build/Debug-iphonesimulator/BabyDashboard.build/Objects-normal/arm64/BabyDashboard_dependency_info.dat -Xlinker -sectcreate -Xlinker __TEXT -Xlinker __entitlements -Xlinker /Users/sungdoo/Library/Developer/Xcode/DerivedData/BabyDashboard-cfznnbtqqgjasncydsmucavrdfyz/Build/Intermediates.noindex/BabyDashboard.build/Debug-iphonesimulator/BabyDashboard.build/BabyDashboard.app-Simulated.xcent -Xlinker -sectcreate -Xlinker __TEXT -Xlinker __ents_der -Xlinker /Users/sungdoo/Library/Developer/Xcode/DerivedData/BabyDashboard-cfznnbtqqgjasncydsmucavrdfyz/Build/Intermediates.noindex/BabyDashboard.build/Debug-iphonesimulator/BabyDashboard.build/BabyDashboard.app-Simulated.xcent.der -Xlinker -no_adhoc_codesign -o /Users/sungdoo/Library/Developer/Xcode/DerivedData/BabyDashboard-cfznnbtqqgjasncydsmucavrdfyz/Build/Products/Debug-iphonesimulator/BabyDashboard.app/__preview.dylib

note: Disabling hardened runtime with ad-hoc codesigning. (in target 'BabyDashboard' from project 'BabyDashboard')
note: Disabling hardened runtime with ad-hoc codesigning. (in target 'DashboardWidgetExtension' from project 'BabyDashboard')
** BUILD FAILED **


The following build commands failed:
	SwiftCompile normal arm64 Compiling\ CorrelationAnalysisViewModel.swift /Users/sungdoo/BabyMonitor/ios/FullScreenClock/BabyDashboard/History/Analysis/CorrelationAnalysisViewModel.swift (in target 'BabyDashboard' from project 'BabyDashboard')
	SwiftCompile normal arm64 /Users/sungdoo/BabyMonitor/ios/FullScreenClock/BabyDashboard/History/Analysis/CorrelationAnalysisViewModel.swift (in target 'BabyDashboard' from project 'BabyDashboard')
	Building project BabyDashboard with scheme BabyDashboard
(3 failures)
